[2018-08-01 10:20:22,216] ERROR {org.ballerinalang.launcher.Main} - null 
java.lang.NullPointerException
	at org.wso2.ballerinalang.compiler.codegen.CodeGenerator.generateFinallyInstructions(CodeGenerator.java:3096)
	at org.wso2.ballerinalang.compiler.codegen.CodeGenerator.generateFinallyInstructions(CodeGenerator.java:3091)
	at org.wso2.ballerinalang.compiler.codegen.CodeGenerator.visit(CodeGenerator.java:533)
	at org.wso2.ballerinalang.compiler.tree.statements.BLangReturn.accept(BLangReturn.java:44)
	at org.wso2.ballerinalang.compiler.codegen.CodeGenerator.genNode(CodeGenerator.java:1284)
	at org.wso2.ballerinalang.compiler.codegen.CodeGenerator.visit(CodeGenerator.java:480)
	at org.wso2.ballerinalang.compiler.tree.statements.BLangBlockStmt.accept(BLangBlockStmt.java:54)
	at org.wso2.ballerinalang.compiler.codegen.CodeGenerator.genNode(CodeGenerator.java:1284)
	at org.wso2.ballerinalang.compiler.codegen.CodeGenerator.visit(CodeGenerator.java:2524)
	at org.wso2.ballerinalang.compiler.tree.statements.BLangIf.accept(BLangIf.java:53)
	at org.wso2.ballerinalang.compiler.codegen.CodeGenerator.genNode(CodeGenerator.java:1284)
	at org.wso2.ballerinalang.compiler.codegen.CodeGenerator.visit(CodeGenerator.java:480)
	at org.wso2.ballerinalang.compiler.tree.statements.BLangBlockStmt.accept(BLangBlockStmt.java:54)
	at org.wso2.ballerinalang.compiler.codegen.CodeGenerator.genNode(CodeGenerator.java:1284)
	at org.wso2.ballerinalang.compiler.codegen.CodeGenerator.processWorker(CodeGenerator.java:1513)
	at org.wso2.ballerinalang.compiler.codegen.CodeGenerator.visitInvokableNode(CodeGenerator.java:1458)
	at org.wso2.ballerinalang.compiler.codegen.CodeGenerator.visit(CodeGenerator.java:468)
	at org.wso2.ballerinalang.compiler.tree.BLangFunction.accept(BLangFunction.java:66)
	at org.wso2.ballerinalang.compiler.codegen.CodeGenerator.genNode(CodeGenerator.java:1284)
	at org.wso2.ballerinalang.compiler.codegen.CodeGenerator.lambda$visit$162(CodeGenerator.java:429)
	at java.util.stream.ForEachOps$ForEachOp$OfRef.accept(ForEachOps.java:184)
	at java.util.stream.ReferencePipeline$2$1.accept(ReferencePipeline.java:175)
	at java.util.ArrayList$ArrayListSpliterator.forEachRemaining(ArrayList.java:1382)
	at java.util.stream.AbstractPipeline.copyInto(AbstractPipeline.java:481)
	at java.util.stream.AbstractPipeline.wrapAndCopyInto(AbstractPipeline.java:471)
	at java.util.stream.ForEachOps$ForEachOp.evaluateSequential(ForEachOps.java:151)
	at java.util.stream.ForEachOps$ForEachOp$OfRef.evaluateSequential(ForEachOps.java:174)
	at java.util.stream.AbstractPipeline.evaluate(AbstractPipeline.java:234)
	at java.util.stream.ReferencePipeline.forEach(ReferencePipeline.java:418)
	at org.wso2.ballerinalang.compiler.codegen.CodeGenerator.visit(CodeGenerator.java:429)
	at org.wso2.ballerinalang.compiler.tree.BLangPackage.accept(BLangPackage.java:150)
	at org.wso2.ballerinalang.compiler.codegen.CodeGenerator.genNode(CodeGenerator.java:1284)
	at org.wso2.ballerinalang.compiler.codegen.CodeGenerator.generateBALO(CodeGenerator.java:344)
	at org.wso2.ballerinalang.compiler.CompilerDriver.codegen(CompilerDriver.java:200)
	at org.wso2.ballerinalang.compiler.CompilerDriver.compile(CompilerDriver.java:172)
	at org.wso2.ballerinalang.compiler.CompilerDriver.compilePackageSymbol(CompilerDriver.java:139)
	at org.wso2.ballerinalang.compiler.CompilerDriver.compilePackage(CompilerDriver.java:106)
	at java.util.stream.ForEachOps$ForEachOp$OfRef.accept(ForEachOps.java:184)
	at java.util.stream.ReferencePipeline$2$1.accept(ReferencePipeline.java:175)
	at java.util.ArrayList$ArrayListSpliterator.forEachRemaining(ArrayList.java:1382)
	at java.util.stream.AbstractPipeline.copyInto(AbstractPipeline.java:481)
	at java.util.stream.AbstractPipeline.wrapAndCopyInto(AbstractPipeline.java:471)
	at java.util.stream.ForEachOps$ForEachOp.evaluateSequential(ForEachOps.java:151)
	at java.util.stream.ForEachOps$ForEachOp$OfRef.evaluateSequential(ForEachOps.java:174)
	at java.util.stream.AbstractPipeline.evaluate(AbstractPipeline.java:234)
	at java.util.stream.ReferencePipeline.forEach(ReferencePipeline.java:418)
	at org.wso2.ballerinalang.compiler.Compiler.compilePackages(Compiler.java:139)
	at org.wso2.ballerinalang.compiler.Compiler.compilePackage(Compiler.java:155)
	at org.wso2.ballerinalang.compiler.Compiler.compile(Compiler.java:79)
	at org.ballerinalang.launcher.LauncherUtils.compile(LauncherUtils.java:257)
	at org.ballerinalang.launcher.LauncherUtils.runProgram(LauncherUtils.java:93)
	at org.ballerinalang.launcher.Main$RunCmd.execute(Main.java:256)
	at java.util.Optional.ifPresent(Optional.java:159)
	at org.ballerinalang.launcher.Main.main(Main.java:66)
 
[2018-08-01 10:21:14,131] ERROR {org.ballerinalang.launcher.Main} - null 
java.lang.NullPointerException
	at org.wso2.ballerinalang.compiler.codegen.CodeGenerator.generateFinallyInstructions(CodeGenerator.java:3096)
	at org.wso2.ballerinalang.compiler.codegen.CodeGenerator.generateFinallyInstructions(CodeGenerator.java:3091)
	at org.wso2.ballerinalang.compiler.codegen.CodeGenerator.visit(CodeGenerator.java:533)
	at org.wso2.ballerinalang.compiler.tree.statements.BLangReturn.accept(BLangReturn.java:44)
	at org.wso2.ballerinalang.compiler.codegen.CodeGenerator.genNode(CodeGenerator.java:1284)
	at org.wso2.ballerinalang.compiler.codegen.CodeGenerator.visit(CodeGenerator.java:480)
	at org.wso2.ballerinalang.compiler.tree.statements.BLangBlockStmt.accept(BLangBlockStmt.java:54)
	at org.wso2.ballerinalang.compiler.codegen.CodeGenerator.genNode(CodeGenerator.java:1284)
	at org.wso2.ballerinalang.compiler.codegen.CodeGenerator.visit(CodeGenerator.java:2524)
	at org.wso2.ballerinalang.compiler.tree.statements.BLangIf.accept(BLangIf.java:53)
	at org.wso2.ballerinalang.compiler.codegen.CodeGenerator.genNode(CodeGenerator.java:1284)
	at org.wso2.ballerinalang.compiler.codegen.CodeGenerator.visit(CodeGenerator.java:480)
	at org.wso2.ballerinalang.compiler.tree.statements.BLangBlockStmt.accept(BLangBlockStmt.java:54)
	at org.wso2.ballerinalang.compiler.codegen.CodeGenerator.genNode(CodeGenerator.java:1284)
	at org.wso2.ballerinalang.compiler.codegen.CodeGenerator.processWorker(CodeGenerator.java:1513)
	at org.wso2.ballerinalang.compiler.codegen.CodeGenerator.visitInvokableNode(CodeGenerator.java:1458)
	at org.wso2.ballerinalang.compiler.codegen.CodeGenerator.visit(CodeGenerator.java:468)
	at org.wso2.ballerinalang.compiler.tree.BLangFunction.accept(BLangFunction.java:66)
	at org.wso2.ballerinalang.compiler.codegen.CodeGenerator.genNode(CodeGenerator.java:1284)
	at org.wso2.ballerinalang.compiler.codegen.CodeGenerator.lambda$visit$162(CodeGenerator.java:429)
	at java.util.stream.ForEachOps$ForEachOp$OfRef.accept(ForEachOps.java:184)
	at java.util.stream.ReferencePipeline$2$1.accept(ReferencePipeline.java:175)
	at java.util.ArrayList$ArrayListSpliterator.forEachRemaining(ArrayList.java:1382)
	at java.util.stream.AbstractPipeline.copyInto(AbstractPipeline.java:481)
	at java.util.stream.AbstractPipeline.wrapAndCopyInto(AbstractPipeline.java:471)
	at java.util.stream.ForEachOps$ForEachOp.evaluateSequential(ForEachOps.java:151)
	at java.util.stream.ForEachOps$ForEachOp$OfRef.evaluateSequential(ForEachOps.java:174)
	at java.util.stream.AbstractPipeline.evaluate(AbstractPipeline.java:234)
	at java.util.stream.ReferencePipeline.forEach(ReferencePipeline.java:418)
	at org.wso2.ballerinalang.compiler.codegen.CodeGenerator.visit(CodeGenerator.java:429)
	at org.wso2.ballerinalang.compiler.tree.BLangPackage.accept(BLangPackage.java:150)
	at org.wso2.ballerinalang.compiler.codegen.CodeGenerator.genNode(CodeGenerator.java:1284)
	at org.wso2.ballerinalang.compiler.codegen.CodeGenerator.generateBALO(CodeGenerator.java:344)
	at org.wso2.ballerinalang.compiler.CompilerDriver.codegen(CompilerDriver.java:200)
	at org.wso2.ballerinalang.compiler.CompilerDriver.compile(CompilerDriver.java:172)
	at org.wso2.ballerinalang.compiler.CompilerDriver.compilePackageSymbol(CompilerDriver.java:139)
	at org.wso2.ballerinalang.compiler.CompilerDriver.compilePackage(CompilerDriver.java:106)
	at java.util.stream.ForEachOps$ForEachOp$OfRef.accept(ForEachOps.java:184)
	at java.util.stream.ReferencePipeline$2$1.accept(ReferencePipeline.java:175)
	at java.util.ArrayList$ArrayListSpliterator.forEachRemaining(ArrayList.java:1382)
	at java.util.stream.AbstractPipeline.copyInto(AbstractPipeline.java:481)
	at java.util.stream.AbstractPipeline.wrapAndCopyInto(AbstractPipeline.java:471)
	at java.util.stream.ForEachOps$ForEachOp.evaluateSequential(ForEachOps.java:151)
	at java.util.stream.ForEachOps$ForEachOp$OfRef.evaluateSequential(ForEachOps.java:174)
	at java.util.stream.AbstractPipeline.evaluate(AbstractPipeline.java:234)
	at java.util.stream.ReferencePipeline.forEach(ReferencePipeline.java:418)
	at org.wso2.ballerinalang.compiler.Compiler.compilePackages(Compiler.java:139)
	at org.wso2.ballerinalang.compiler.Compiler.compilePackage(Compiler.java:155)
	at org.wso2.ballerinalang.compiler.Compiler.compile(Compiler.java:79)
	at org.ballerinalang.launcher.LauncherUtils.compile(LauncherUtils.java:257)
	at org.ballerinalang.launcher.LauncherUtils.runProgram(LauncherUtils.java:93)
	at org.ballerinalang.launcher.Main$RunCmd.execute(Main.java:256)
	at java.util.Optional.ifPresent(Optional.java:159)
	at org.ballerinalang.launcher.Main.main(Main.java:66)
 
[2018-08-01 10:23:26,924] ERROR {org.ballerinalang.launcher.Main} - null 
java.lang.NullPointerException
	at org.wso2.ballerinalang.compiler.codegen.CodeGenerator.generateFinallyInstructions(CodeGenerator.java:3096)
	at org.wso2.ballerinalang.compiler.codegen.CodeGenerator.generateFinallyInstructions(CodeGenerator.java:3091)
	at org.wso2.ballerinalang.compiler.codegen.CodeGenerator.visit(CodeGenerator.java:533)
	at org.wso2.ballerinalang.compiler.tree.statements.BLangReturn.accept(BLangReturn.java:44)
	at org.wso2.ballerinalang.compiler.codegen.CodeGenerator.genNode(CodeGenerator.java:1284)
	at org.wso2.ballerinalang.compiler.codegen.CodeGenerator.visit(CodeGenerator.java:480)
	at org.wso2.ballerinalang.compiler.tree.statements.BLangBlockStmt.accept(BLangBlockStmt.java:54)
	at org.wso2.ballerinalang.compiler.codegen.CodeGenerator.genNode(CodeGenerator.java:1284)
	at org.wso2.ballerinalang.compiler.codegen.CodeGenerator.visit(CodeGenerator.java:2524)
	at org.wso2.ballerinalang.compiler.tree.statements.BLangIf.accept(BLangIf.java:53)
	at org.wso2.ballerinalang.compiler.codegen.CodeGenerator.genNode(CodeGenerator.java:1284)
	at org.wso2.ballerinalang.compiler.codegen.CodeGenerator.visit(CodeGenerator.java:480)
	at org.wso2.ballerinalang.compiler.tree.statements.BLangBlockStmt.accept(BLangBlockStmt.java:54)
	at org.wso2.ballerinalang.compiler.codegen.CodeGenerator.genNode(CodeGenerator.java:1284)
	at org.wso2.ballerinalang.compiler.codegen.CodeGenerator.processWorker(CodeGenerator.java:1513)
	at org.wso2.ballerinalang.compiler.codegen.CodeGenerator.visitInvokableNode(CodeGenerator.java:1458)
	at org.wso2.ballerinalang.compiler.codegen.CodeGenerator.visit(CodeGenerator.java:468)
	at org.wso2.ballerinalang.compiler.tree.BLangFunction.accept(BLangFunction.java:66)
	at org.wso2.ballerinalang.compiler.codegen.CodeGenerator.genNode(CodeGenerator.java:1284)
	at org.wso2.ballerinalang.compiler.codegen.CodeGenerator.lambda$visit$162(CodeGenerator.java:429)
	at java.util.stream.ForEachOps$ForEachOp$OfRef.accept(ForEachOps.java:184)
	at java.util.stream.ReferencePipeline$2$1.accept(ReferencePipeline.java:175)
	at java.util.ArrayList$ArrayListSpliterator.forEachRemaining(ArrayList.java:1382)
	at java.util.stream.AbstractPipeline.copyInto(AbstractPipeline.java:481)
	at java.util.stream.AbstractPipeline.wrapAndCopyInto(AbstractPipeline.java:471)
	at java.util.stream.ForEachOps$ForEachOp.evaluateSequential(ForEachOps.java:151)
	at java.util.stream.ForEachOps$ForEachOp$OfRef.evaluateSequential(ForEachOps.java:174)
	at java.util.stream.AbstractPipeline.evaluate(AbstractPipeline.java:234)
	at java.util.stream.ReferencePipeline.forEach(ReferencePipeline.java:418)
	at org.wso2.ballerinalang.compiler.codegen.CodeGenerator.visit(CodeGenerator.java:429)
	at org.wso2.ballerinalang.compiler.tree.BLangPackage.accept(BLangPackage.java:150)
	at org.wso2.ballerinalang.compiler.codegen.CodeGenerator.genNode(CodeGenerator.java:1284)
	at org.wso2.ballerinalang.compiler.codegen.CodeGenerator.generateBALO(CodeGenerator.java:344)
	at org.wso2.ballerinalang.compiler.CompilerDriver.codegen(CompilerDriver.java:200)
	at org.wso2.ballerinalang.compiler.CompilerDriver.compile(CompilerDriver.java:172)
	at org.wso2.ballerinalang.compiler.CompilerDriver.compilePackageSymbol(CompilerDriver.java:139)
	at org.wso2.ballerinalang.compiler.CompilerDriver.compilePackage(CompilerDriver.java:106)
	at java.util.stream.ForEachOps$ForEachOp$OfRef.accept(ForEachOps.java:184)
	at java.util.stream.ReferencePipeline$2$1.accept(ReferencePipeline.java:175)
	at java.util.ArrayList$ArrayListSpliterator.forEachRemaining(ArrayList.java:1382)
	at java.util.stream.AbstractPipeline.copyInto(AbstractPipeline.java:481)
	at java.util.stream.AbstractPipeline.wrapAndCopyInto(AbstractPipeline.java:471)
	at java.util.stream.ForEachOps$ForEachOp.evaluateSequential(ForEachOps.java:151)
	at java.util.stream.ForEachOps$ForEachOp$OfRef.evaluateSequential(ForEachOps.java:174)
	at java.util.stream.AbstractPipeline.evaluate(AbstractPipeline.java:234)
	at java.util.stream.ReferencePipeline.forEach(ReferencePipeline.java:418)
	at org.wso2.ballerinalang.compiler.Compiler.compilePackages(Compiler.java:139)
	at org.wso2.ballerinalang.compiler.Compiler.compilePackage(Compiler.java:155)
	at org.wso2.ballerinalang.compiler.Compiler.compile(Compiler.java:79)
	at org.ballerinalang.launcher.LauncherUtils.compile(LauncherUtils.java:257)
	at org.ballerinalang.launcher.LauncherUtils.runProgram(LauncherUtils.java:93)
	at org.ballerinalang.launcher.Main$RunCmd.execute(Main.java:256)
	at java.util.Optional.ifPresent(Optional.java:159)
	at org.ballerinalang.launcher.Main.main(Main.java:66)
 
[2018-08-01 10:40:11,251] ERROR {org.ballerinalang.launcher.Main} - null 
java.lang.NullPointerException
	at org.wso2.ballerinalang.compiler.codegen.CodeGenerator.generateFinallyInstructions(CodeGenerator.java:3096)
	at org.wso2.ballerinalang.compiler.codegen.CodeGenerator.generateFinallyInstructions(CodeGenerator.java:3091)
	at org.wso2.ballerinalang.compiler.codegen.CodeGenerator.visit(CodeGenerator.java:533)
	at org.wso2.ballerinalang.compiler.tree.statements.BLangReturn.accept(BLangReturn.java:44)
	at org.wso2.ballerinalang.compiler.codegen.CodeGenerator.genNode(CodeGenerator.java:1284)
	at org.wso2.ballerinalang.compiler.codegen.CodeGenerator.visit(CodeGenerator.java:480)
	at org.wso2.ballerinalang.compiler.tree.statements.BLangBlockStmt.accept(BLangBlockStmt.java:54)
	at org.wso2.ballerinalang.compiler.codegen.CodeGenerator.genNode(CodeGenerator.java:1284)
	at org.wso2.ballerinalang.compiler.codegen.CodeGenerator.visit(CodeGenerator.java:2524)
	at org.wso2.ballerinalang.compiler.tree.statements.BLangIf.accept(BLangIf.java:53)
	at org.wso2.ballerinalang.compiler.codegen.CodeGenerator.genNode(CodeGenerator.java:1284)
	at org.wso2.ballerinalang.compiler.codegen.CodeGenerator.visit(CodeGenerator.java:480)
	at org.wso2.ballerinalang.compiler.tree.statements.BLangBlockStmt.accept(BLangBlockStmt.java:54)
	at org.wso2.ballerinalang.compiler.codegen.CodeGenerator.genNode(CodeGenerator.java:1284)
	at org.wso2.ballerinalang.compiler.codegen.CodeGenerator.processWorker(CodeGenerator.java:1513)
	at org.wso2.ballerinalang.compiler.codegen.CodeGenerator.visitInvokableNode(CodeGenerator.java:1458)
	at org.wso2.ballerinalang.compiler.codegen.CodeGenerator.visit(CodeGenerator.java:468)
	at org.wso2.ballerinalang.compiler.tree.BLangFunction.accept(BLangFunction.java:66)
	at org.wso2.ballerinalang.compiler.codegen.CodeGenerator.genNode(CodeGenerator.java:1284)
	at org.wso2.ballerinalang.compiler.codegen.CodeGenerator.lambda$visit$162(CodeGenerator.java:429)
	at java.util.stream.ForEachOps$ForEachOp$OfRef.accept(ForEachOps.java:184)
	at java.util.stream.ReferencePipeline$2$1.accept(ReferencePipeline.java:175)
	at java.util.ArrayList$ArrayListSpliterator.forEachRemaining(ArrayList.java:1382)
	at java.util.stream.AbstractPipeline.copyInto(AbstractPipeline.java:481)
	at java.util.stream.AbstractPipeline.wrapAndCopyInto(AbstractPipeline.java:471)
	at java.util.stream.ForEachOps$ForEachOp.evaluateSequential(ForEachOps.java:151)
	at java.util.stream.ForEachOps$ForEachOp$OfRef.evaluateSequential(ForEachOps.java:174)
	at java.util.stream.AbstractPipeline.evaluate(AbstractPipeline.java:234)
	at java.util.stream.ReferencePipeline.forEach(ReferencePipeline.java:418)
	at org.wso2.ballerinalang.compiler.codegen.CodeGenerator.visit(CodeGenerator.java:429)
	at org.wso2.ballerinalang.compiler.tree.BLangPackage.accept(BLangPackage.java:150)
	at org.wso2.ballerinalang.compiler.codegen.CodeGenerator.genNode(CodeGenerator.java:1284)
	at org.wso2.ballerinalang.compiler.codegen.CodeGenerator.generateBALO(CodeGenerator.java:344)
	at org.wso2.ballerinalang.compiler.CompilerDriver.codegen(CompilerDriver.java:200)
	at org.wso2.ballerinalang.compiler.CompilerDriver.compile(CompilerDriver.java:172)
	at org.wso2.ballerinalang.compiler.CompilerDriver.compilePackageSymbol(CompilerDriver.java:139)
	at org.wso2.ballerinalang.compiler.CompilerDriver.compilePackage(CompilerDriver.java:106)
	at java.util.stream.ForEachOps$ForEachOp$OfRef.accept(ForEachOps.java:184)
	at java.util.stream.ReferencePipeline$2$1.accept(ReferencePipeline.java:175)
	at java.util.ArrayList$ArrayListSpliterator.forEachRemaining(ArrayList.java:1382)
	at java.util.stream.AbstractPipeline.copyInto(AbstractPipeline.java:481)
	at java.util.stream.AbstractPipeline.wrapAndCopyInto(AbstractPipeline.java:471)
	at java.util.stream.ForEachOps$ForEachOp.evaluateSequential(ForEachOps.java:151)
	at java.util.stream.ForEachOps$ForEachOp$OfRef.evaluateSequential(ForEachOps.java:174)
	at java.util.stream.AbstractPipeline.evaluate(AbstractPipeline.java:234)
	at java.util.stream.ReferencePipeline.forEach(ReferencePipeline.java:418)
	at org.wso2.ballerinalang.compiler.Compiler.compilePackages(Compiler.java:139)
	at org.wso2.ballerinalang.compiler.Compiler.compilePackage(Compiler.java:155)
	at org.wso2.ballerinalang.compiler.Compiler.compile(Compiler.java:79)
	at org.ballerinalang.launcher.LauncherUtils.compile(LauncherUtils.java:257)
	at org.ballerinalang.launcher.LauncherUtils.runProgram(LauncherUtils.java:93)
	at org.ballerinalang.launcher.Main$RunCmd.execute(Main.java:256)
	at java.util.Optional.ifPresent(Optional.java:159)
	at org.ballerinalang.launcher.Main.main(Main.java:66)
 
[2018-08-01 10:40:42,623] ERROR {org.ballerinalang.launcher.Main} - null 
java.lang.NullPointerException
	at org.wso2.ballerinalang.compiler.codegen.CodeGenerator.generateFinallyInstructions(CodeGenerator.java:3096)
	at org.wso2.ballerinalang.compiler.codegen.CodeGenerator.generateFinallyInstructions(CodeGenerator.java:3091)
	at org.wso2.ballerinalang.compiler.codegen.CodeGenerator.visit(CodeGenerator.java:533)
	at org.wso2.ballerinalang.compiler.tree.statements.BLangReturn.accept(BLangReturn.java:44)
	at org.wso2.ballerinalang.compiler.codegen.CodeGenerator.genNode(CodeGenerator.java:1284)
	at org.wso2.ballerinalang.compiler.codegen.CodeGenerator.visit(CodeGenerator.java:480)
	at org.wso2.ballerinalang.compiler.tree.statements.BLangBlockStmt.accept(BLangBlockStmt.java:54)
	at org.wso2.ballerinalang.compiler.codegen.CodeGenerator.genNode(CodeGenerator.java:1284)
	at org.wso2.ballerinalang.compiler.codegen.CodeGenerator.visit(CodeGenerator.java:2524)
	at org.wso2.ballerinalang.compiler.tree.statements.BLangIf.accept(BLangIf.java:53)
	at org.wso2.ballerinalang.compiler.codegen.CodeGenerator.genNode(CodeGenerator.java:1284)
	at org.wso2.ballerinalang.compiler.codegen.CodeGenerator.visit(CodeGenerator.java:480)
	at org.wso2.ballerinalang.compiler.tree.statements.BLangBlockStmt.accept(BLangBlockStmt.java:54)
	at org.wso2.ballerinalang.compiler.codegen.CodeGenerator.genNode(CodeGenerator.java:1284)
	at org.wso2.ballerinalang.compiler.codegen.CodeGenerator.processWorker(CodeGenerator.java:1513)
	at org.wso2.ballerinalang.compiler.codegen.CodeGenerator.visitInvokableNode(CodeGenerator.java:1458)
	at org.wso2.ballerinalang.compiler.codegen.CodeGenerator.visit(CodeGenerator.java:468)
	at org.wso2.ballerinalang.compiler.tree.BLangFunction.accept(BLangFunction.java:66)
	at org.wso2.ballerinalang.compiler.codegen.CodeGenerator.genNode(CodeGenerator.java:1284)
	at org.wso2.ballerinalang.compiler.codegen.CodeGenerator.lambda$visit$162(CodeGenerator.java:429)
	at java.util.stream.ForEachOps$ForEachOp$OfRef.accept(ForEachOps.java:184)
	at java.util.stream.ReferencePipeline$2$1.accept(ReferencePipeline.java:175)
	at java.util.ArrayList$ArrayListSpliterator.forEachRemaining(ArrayList.java:1382)
	at java.util.stream.AbstractPipeline.copyInto(AbstractPipeline.java:481)
	at java.util.stream.AbstractPipeline.wrapAndCopyInto(AbstractPipeline.java:471)
	at java.util.stream.ForEachOps$ForEachOp.evaluateSequential(ForEachOps.java:151)
	at java.util.stream.ForEachOps$ForEachOp$OfRef.evaluateSequential(ForEachOps.java:174)
	at java.util.stream.AbstractPipeline.evaluate(AbstractPipeline.java:234)
	at java.util.stream.ReferencePipeline.forEach(ReferencePipeline.java:418)
	at org.wso2.ballerinalang.compiler.codegen.CodeGenerator.visit(CodeGenerator.java:429)
	at org.wso2.ballerinalang.compiler.tree.BLangPackage.accept(BLangPackage.java:150)
	at org.wso2.ballerinalang.compiler.codegen.CodeGenerator.genNode(CodeGenerator.java:1284)
	at org.wso2.ballerinalang.compiler.codegen.CodeGenerator.generateBALO(CodeGenerator.java:344)
	at org.wso2.ballerinalang.compiler.CompilerDriver.codegen(CompilerDriver.java:200)
	at org.wso2.ballerinalang.compiler.CompilerDriver.compile(CompilerDriver.java:172)
	at org.wso2.ballerinalang.compiler.CompilerDriver.compilePackageSymbol(CompilerDriver.java:139)
	at org.wso2.ballerinalang.compiler.CompilerDriver.compilePackage(CompilerDriver.java:106)
	at java.util.stream.ForEachOps$ForEachOp$OfRef.accept(ForEachOps.java:184)
	at java.util.stream.ReferencePipeline$2$1.accept(ReferencePipeline.java:175)
	at java.util.ArrayList$ArrayListSpliterator.forEachRemaining(ArrayList.java:1382)
	at java.util.stream.AbstractPipeline.copyInto(AbstractPipeline.java:481)
	at java.util.stream.AbstractPipeline.wrapAndCopyInto(AbstractPipeline.java:471)
	at java.util.stream.ForEachOps$ForEachOp.evaluateSequential(ForEachOps.java:151)
	at java.util.stream.ForEachOps$ForEachOp$OfRef.evaluateSequential(ForEachOps.java:174)
	at java.util.stream.AbstractPipeline.evaluate(AbstractPipeline.java:234)
	at java.util.stream.ReferencePipeline.forEach(ReferencePipeline.java:418)
	at org.wso2.ballerinalang.compiler.Compiler.compilePackages(Compiler.java:139)
	at org.wso2.ballerinalang.compiler.Compiler.compilePackage(Compiler.java:155)
	at org.wso2.ballerinalang.compiler.Compiler.compile(Compiler.java:79)
	at org.ballerinalang.launcher.LauncherUtils.compile(LauncherUtils.java:257)
	at org.ballerinalang.launcher.LauncherUtils.runProgram(LauncherUtils.java:93)
	at org.ballerinalang.launcher.Main$RunCmd.execute(Main.java:256)
	at java.util.Optional.ifPresent(Optional.java:159)
	at org.ballerinalang.launcher.Main.main(Main.java:66)
 
