[2018-08-01 10:10:07,163] ERROR {org.ballerinalang.launcher.Main} - null 
java.lang.NullPointerException
	at org.wso2.ballerinalang.compiler.codegen.CodeGenerator.generateFinallyInstructions(CodeGenerator.java:3096)
	at org.wso2.ballerinalang.compiler.codegen.CodeGenerator.generateFinallyInstructions(CodeGenerator.java:3091)
	at org.wso2.ballerinalang.compiler.codegen.CodeGenerator.visit(CodeGenerator.java:533)
	at org.wso2.ballerinalang.compiler.tree.statements.BLangReturn.accept(BLangReturn.java:44)
	at org.wso2.ballerinalang.compiler.codegen.CodeGenerator.genNode(CodeGenerator.java:1284)
	at org.wso2.ballerinalang.compiler.codegen.CodeGenerator.visit(CodeGenerator.java:480)
	at org.wso2.ballerinalang.compiler.tree.statements.BLangBlockStmt.accept(BLangBlockStmt.java:54)
	at org.wso2.ballerinalang.compiler.codegen.CodeGenerator.genNode(CodeGenerator.java:1284)
	at org.wso2.ballerinalang.compiler.codegen.CodeGenerator.visit(CodeGenerator.java:2524)
	at org.wso2.ballerinalang.compiler.tree.statements.BLangIf.accept(BLangIf.java:53)
	at org.wso2.ballerinalang.compiler.codegen.CodeGenerator.genNode(CodeGenerator.java:1284)
	at org.wso2.ballerinalang.compiler.codegen.CodeGenerator.visit(CodeGenerator.java:480)
	at org.wso2.ballerinalang.compiler.tree.statements.BLangBlockStmt.accept(BLangBlockStmt.java:54)
	at org.wso2.ballerinalang.compiler.codegen.CodeGenerator.genNode(CodeGenerator.java:1284)
	at org.wso2.ballerinalang.compiler.codegen.CodeGenerator.processWorker(CodeGenerator.java:1513)
	at org.wso2.ballerinalang.compiler.codegen.CodeGenerator.visitInvokableNode(CodeGenerator.java:1458)
	at org.wso2.ballerinalang.compiler.codegen.CodeGenerator.visit(CodeGenerator.java:468)
	at org.wso2.ballerinalang.compiler.tree.BLangFunction.accept(BLangFunction.java:66)
	at org.wso2.ballerinalang.compiler.codegen.CodeGenerator.genNode(CodeGenerator.java:1284)
	at org.wso2.ballerinalang.compiler.codegen.CodeGenerator.lambda$visit$162(CodeGenerator.java:429)
	at java.util.stream.ForEachOps$ForEachOp$OfRef.accept(ForEachOps.java:184)
	at java.util.stream.ReferencePipeline$2$1.accept(ReferencePipeline.java:175)
	at java.util.ArrayList$ArrayListSpliterator.forEachRemaining(ArrayList.java:1382)
	at java.util.stream.AbstractPipeline.copyInto(AbstractPipeline.java:481)
	at java.util.stream.AbstractPipeline.wrapAndCopyInto(AbstractPipeline.java:471)
	at java.util.stream.ForEachOps$ForEachOp.evaluateSequential(ForEachOps.java:151)
	at java.util.stream.ForEachOps$ForEachOp$OfRef.evaluateSequential(ForEachOps.java:174)
	at java.util.stream.AbstractPipeline.evaluate(AbstractPipeline.java:234)
	at java.util.stream.ReferencePipeline.forEach(ReferencePipeline.java:418)
	at org.wso2.ballerinalang.compiler.codegen.CodeGenerator.visit(CodeGenerator.java:429)
	at org.wso2.ballerinalang.compiler.tree.BLangPackage.accept(BLangPackage.java:150)
	at org.wso2.ballerinalang.compiler.codegen.CodeGenerator.genNode(CodeGenerator.java:1284)
	at org.wso2.ballerinalang.compiler.codegen.CodeGenerator.generateBALO(CodeGenerator.java:344)
	at org.wso2.ballerinalang.compiler.CompilerDriver.codegen(CompilerDriver.java:200)
	at org.wso2.ballerinalang.compiler.CompilerDriver.compile(CompilerDriver.java:172)
	at org.wso2.ballerinalang.compiler.CompilerDriver.compilePackageSymbol(CompilerDriver.java:139)
	at org.wso2.ballerinalang.compiler.CompilerDriver.compilePackage(CompilerDriver.java:106)
	at java.util.stream.ForEachOps$ForEachOp$OfRef.accept(ForEachOps.java:184)
	at java.util.stream.ReferencePipeline$2$1.accept(ReferencePipeline.java:175)
	at java.util.ArrayList$ArrayListSpliterator.forEachRemaining(ArrayList.java:1382)
	at java.util.stream.AbstractPipeline.copyInto(AbstractPipeline.java:481)
	at java.util.stream.AbstractPipeline.wrapAndCopyInto(AbstractPipeline.java:471)
	at java.util.stream.ForEachOps$ForEachOp.evaluateSequential(ForEachOps.java:151)
	at java.util.stream.ForEachOps$ForEachOp$OfRef.evaluateSequential(ForEachOps.java:174)
	at java.util.stream.AbstractPipeline.evaluate(AbstractPipeline.java:234)
	at java.util.stream.ReferencePipeline.forEach(ReferencePipeline.java:418)
	at org.wso2.ballerinalang.compiler.Compiler.compilePackages(Compiler.java:139)
	at org.wso2.ballerinalang.compiler.Compiler.compilePackage(Compiler.java:155)
	at org.wso2.ballerinalang.compiler.Compiler.compile(Compiler.java:79)
	at org.ballerinalang.launcher.LauncherUtils.compile(LauncherUtils.java:257)
	at org.ballerinalang.launcher.LauncherUtils.runProgram(LauncherUtils.java:87)
	at org.ballerinalang.launcher.Main$RunCmd.execute(Main.java:256)
	at java.util.Optional.ifPresent(Optional.java:159)
	at org.ballerinalang.launcher.Main.main(Main.java:66)
 
[2018-08-01 10:11:45,182] ERROR {com.zaxxer.hikari.pool.HikariPool} - HikariPool-1 - Exception during pool initialization. 
com.mysql.cj.jdbc.exceptions.CommunicationsException: Communications link failure

The last packet sent successfully to the server was 0 milliseconds ago. The driver has not received any packets from the server.
	at com.mysql.cj.jdbc.exceptions.SQLError.createCommunicationsException(SQLError.java:172)
	at com.mysql.cj.jdbc.exceptions.SQLExceptionsMapping.translateException(SQLExceptionsMapping.java:64)
	at com.mysql.cj.jdbc.ConnectionImpl.createNewIO(ConnectionImpl.java:862)
	at com.mysql.cj.jdbc.ConnectionImpl.<init>(ConnectionImpl.java:444)
	at com.mysql.cj.jdbc.ConnectionImpl.getInstance(ConnectionImpl.java:230)
	at com.mysql.cj.jdbc.NonRegisteringDriver.connect(NonRegisteringDriver.java:226)
	at com.zaxxer.hikari.util.DriverDataSource.getConnection(DriverDataSource.java:117)
	at com.zaxxer.hikari.util.DriverDataSource.getConnection(DriverDataSource.java:123)
	at com.zaxxer.hikari.pool.PoolBase.newConnection(PoolBase.java:367)
	at com.zaxxer.hikari.pool.PoolBase.newPoolEntry(PoolBase.java:196)
	at com.zaxxer.hikari.pool.HikariPool.createPoolEntry(HikariPool.java:467)
	at com.zaxxer.hikari.pool.HikariPool.checkFailFast(HikariPool.java:541)
	at com.zaxxer.hikari.pool.HikariPool.<init>(HikariPool.java:115)
	at com.zaxxer.hikari.HikariDataSource.<init>(HikariDataSource.java:81)
	at org.ballerinalang.database.sql.SQLDatasource.buildDataSource(SQLDatasource.java:200)
	at org.ballerinalang.database.sql.SQLDatasource.init(SQLDatasource.java:65)
	at org.ballerinalang.database.sql.SQLDatasourceUtils.createSQLDataSource(SQLDatasourceUtils.java:1211)
	at org.ballerinalang.database.sql.SQLDatasourceUtils.createServerBasedDBClient(SQLDatasourceUtils.java:1140)
	at org.ballerinalang.database.mysql.CreateClient.execute(CreateClient.java:59)
	at org.ballerinalang.bre.bvm.BlockingNativeCallableUnit.execute(BlockingNativeCallableUnit.java:35)
	at org.ballerinalang.util.program.BLangFunctions.invokeNativeCallable(BLangFunctions.java:386)
	at org.ballerinalang.util.program.BLangFunctions.invokeCallable(BLangFunctions.java:257)
	at org.ballerinalang.bre.bvm.CPU.tryExec(CPU.java:407)
	at org.ballerinalang.bre.bvm.CPU.exec(CPU.java:148)
	at org.ballerinalang.bre.bvm.BLangScheduler.executeNow(BLangScheduler.java:80)
	at org.ballerinalang.util.program.BLangFunctions.invokeNonNativeCallable(BLangFunctions.java:317)
	at org.ballerinalang.util.program.BLangFunctions.invokeCallable(BLangFunctions.java:264)
	at org.ballerinalang.util.program.BLangFunctions.invokeCallable(BLangFunctions.java:244)
	at org.ballerinalang.util.program.BLangFunctions.invokePackageInitFunction(BLangFunctions.java:464)
	at org.ballerinalang.util.program.BLangFunctions.invokePackageInitFunction(BLangFunctions.java:473)
	at org.ballerinalang.util.program.BLangFunctions.invokePackageInitFunctions(BLangFunctions.java:123)
	at org.ballerinalang.BLangProgramRunner.runService(BLangProgramRunner.java:53)
	at org.ballerinalang.launcher.LauncherUtils.runServices(LauncherUtils.java:144)
	at org.ballerinalang.launcher.LauncherUtils.runProgram(LauncherUtils.java:114)
	at org.ballerinalang.launcher.Main$RunCmd.execute(Main.java:256)
	at java.util.Optional.ifPresent(Optional.java:159)
	at org.ballerinalang.launcher.Main.main(Main.java:66)
Caused by: com.mysql.cj.exceptions.CJCommunicationsException: Communications link failure

The last packet sent successfully to the server was 0 milliseconds ago. The driver has not received any packets from the server.
	at sun.reflect.NativeConstructorAccessorImpl.newInstance0(Native Method)
	at sun.reflect.NativeConstructorAccessorImpl.newInstance(NativeConstructorAccessorImpl.java:62)
	at sun.reflect.DelegatingConstructorAccessorImpl.newInstance(DelegatingConstructorAccessorImpl.java:45)
	at java.lang.reflect.Constructor.newInstance(Constructor.java:423)
	at com.mysql.cj.exceptions.ExceptionFactory.createException(ExceptionFactory.java:59)
	at com.mysql.cj.exceptions.ExceptionFactory.createException(ExceptionFactory.java:103)
	at com.mysql.cj.exceptions.ExceptionFactory.createException(ExceptionFactory.java:149)
	at com.mysql.cj.exceptions.ExceptionFactory.createCommunicationsException(ExceptionFactory.java:165)
	at com.mysql.cj.protocol.a.NativeSocketConnection.connect(NativeSocketConnection.java:92)
	at com.mysql.cj.NativeSession.connect(NativeSession.java:152)
	at com.mysql.cj.jdbc.ConnectionImpl.connectOneTryOnly(ConnectionImpl.java:982)
	at com.mysql.cj.jdbc.ConnectionImpl.createNewIO(ConnectionImpl.java:852)
	... 34 more
Caused by: java.net.ConnectException: Connection refused (Connection refused)
	at java.net.PlainSocketImpl.socketConnect(Native Method)
	at java.net.AbstractPlainSocketImpl.doConnect(AbstractPlainSocketImpl.java:350)
	at java.net.AbstractPlainSocketImpl.connectToAddress(AbstractPlainSocketImpl.java:206)
	at java.net.AbstractPlainSocketImpl.connect(AbstractPlainSocketImpl.java:188)
	at java.net.SocksSocketImpl.connect(SocksSocketImpl.java:392)
	at java.net.Socket.connect(Socket.java:589)
	at com.mysql.cj.protocol.StandardSocketFactory.connect(StandardSocketFactory.java:173)
	at com.mysql.cj.protocol.a.NativeSocketConnection.connect(NativeSocketConnection.java:66)
	... 37 more
 
